2019-04-01 19:36:58,731 [Worker-5] INFO  c.g.t.t.d.PublishedGradleVersions - Gradle version information cache is out-of-date. Trying to update.
2019-04-01 19:37:28,205 [Worker-1] INFO  o.e.m.c.i.e.AbstractTransferListenerAdapter - Downloading https://repo.maven.apache.org/maven2/org/springframework/boot/spring-boot-starter-parent/2.0.5.RELEASE/spring-boot-starter-parent-2.0.5.RELEASE.pom
2019-04-01 19:37:28,549 [Worker-1] INFO  o.e.m.c.i.e.AbstractTransferListenerAdapter - Downloaded https://repo.maven.apache.org/maven2/org/springframework/boot/spring-boot-starter-parent/2.0.5.RELEASE/spring-boot-starter-parent-2.0.5.RELEASE.pom
2019-04-01 19:37:28,702 [Worker-1] INFO  o.e.m.c.i.e.AbstractTransferListenerAdapter - Downloading https://repo.maven.apache.org/maven2/org/springframework/boot/spring-boot-dependencies/2.0.5.RELEASE/spring-boot-dependencies-2.0.5.RELEASE.pom
2019-04-01 19:37:29,185 [Worker-1] INFO  o.e.m.c.i.e.AbstractTransferListenerAdapter - Downloaded https://repo.maven.apache.org/maven2/org/springframework/boot/spring-boot-dependencies/2.0.5.RELEASE/spring-boot-dependencies-2.0.5.RELEASE.pom
2019-04-01 19:37:29,458 [Worker-1] INFO  o.e.m.c.i.e.AbstractTransferListenerAdapter - Downloading https://repo.maven.apache.org/maven2/com/fasterxml/jackson/jackson-bom/2.9.6/jackson-bom-2.9.6.pom
2019-04-01 19:37:29,772 [Worker-1] INFO  o.e.m.c.i.e.AbstractTransferListenerAdapter - Downloaded https://repo.maven.apache.org/maven2/com/fasterxml/jackson/jackson-bom/2.9.6/jackson-bom-2.9.6.pom
2019-04-01 19:37:29,942 [Worker-1] INFO  o.e.m.c.i.e.AbstractTransferListenerAdapter - Downloading https://repo.maven.apache.org/maven2/com/fasterxml/jackson/jackson-parent/2.9.1.1/jackson-parent-2.9.1.1.pom
2019-04-01 19:37:30,094 [Worker-1] INFO  o.e.m.c.i.e.AbstractTransferListenerAdapter - Downloaded https://repo.maven.apache.org/maven2/com/fasterxml/jackson/jackson-parent/2.9.1.1/jackson-parent-2.9.1.1.pom
2019-04-01 19:37:30,250 [Worker-1] INFO  o.e.m.c.i.e.AbstractTransferListenerAdapter - Downloading https://repo.maven.apache.org/maven2/com/fasterxml/oss-parent/33/oss-parent-33.pom
2019-04-01 19:37:30,412 [Worker-1] INFO  o.e.m.c.i.e.AbstractTransferListenerAdapter - Downloaded https://repo.maven.apache.org/maven2/com/fasterxml/oss-parent/33/oss-parent-33.pom
2019-04-01 19:37:30,850 [Worker-1] INFO  o.e.m.c.i.e.AbstractTransferListenerAdapter - Downloading https://repo.maven.apache.org/maven2/io/netty/netty-bom/4.1.29.Final/netty-bom-4.1.29.Final.pom
2019-04-01 19:37:31,059 [Worker-1] INFO  o.e.m.c.i.e.AbstractTransferListenerAdapter - Downloaded https://repo.maven.apache.org/maven2/io/netty/netty-bom/4.1.29.Final/netty-bom-4.1.29.Final.pom
2019-04-01 19:37:31,304 [Worker-1] INFO  o.e.m.c.i.e.AbstractTransferListenerAdapter - Downloading https://repo.maven.apache.org/maven2/io/projectreactor/reactor-bom/Bismuth-SR11/reactor-bom-Bismuth-SR11.pom
2019-04-01 19:37:31,540 [Worker-1] INFO  o.e.m.c.i.e.AbstractTransferListenerAdapter - Downloaded https://repo.maven.apache.org/maven2/io/projectreactor/reactor-bom/Bismuth-SR11/reactor-bom-Bismuth-SR11.pom
2019-04-01 19:37:31,960 [Worker-1] INFO  o.e.m.c.i.e.AbstractTransferListenerAdapter - Downloading https://repo.maven.apache.org/maven2/org/eclipse/jetty/jetty-bom/9.4.12.v20180830/jetty-bom-9.4.12.v20180830.pom
2019-04-01 19:37:32,129 [Worker-1] INFO  o.e.m.c.i.e.AbstractTransferListenerAdapter - Downloaded https://repo.maven.apache.org/maven2/org/eclipse/jetty/jetty-bom/9.4.12.v20180830/jetty-bom-9.4.12.v20180830.pom
2019-04-01 19:37:32,290 [Worker-1] INFO  o.e.m.c.i.e.AbstractTransferListenerAdapter - Downloading https://repo.maven.apache.org/maven2/org/springframework/spring-framework-bom/5.0.9.RELEASE/spring-framework-bom-5.0.9.RELEASE.pom
2019-04-01 19:37:32,448 [Worker-1] INFO  o.e.m.c.i.e.AbstractTransferListenerAdapter - Downloaded https://repo.maven.apache.org/maven2/org/springframework/spring-framework-bom/5.0.9.RELEASE/spring-framework-bom-5.0.9.RELEASE.pom
2019-04-01 19:37:32,602 [Worker-1] INFO  o.e.m.c.i.e.AbstractTransferListenerAdapter - Downloading https://repo.maven.apache.org/maven2/org/springframework/data/spring-data-releasetrain/Kay-SR10/spring-data-releasetrain-Kay-SR10.pom
2019-04-01 19:37:32,859 [Worker-1] INFO  o.e.m.c.i.e.AbstractTransferListenerAdapter - Downloaded https://repo.maven.apache.org/maven2/org/springframework/data/spring-data-releasetrain/Kay-SR10/spring-data-releasetrain-Kay-SR10.pom
2019-04-01 19:37:33,035 [Worker-1] INFO  o.e.m.c.i.e.AbstractTransferListenerAdapter - Downloading https://repo.maven.apache.org/maven2/org/springframework/data/build/spring-data-build/2.0.10.RELEASE/spring-data-build-2.0.10.RELEASE.pom
2019-04-01 19:37:33,360 [Worker-1] INFO  o.e.m.c.i.e.AbstractTransferListenerAdapter - Downloaded https://repo.maven.apache.org/maven2/org/springframework/data/build/spring-data-build/2.0.10.RELEASE/spring-data-build-2.0.10.RELEASE.pom
2019-04-01 19:37:33,514 [Worker-1] INFO  o.e.m.c.i.e.AbstractTransferListenerAdapter - Downloading https://repo.maven.apache.org/maven2/org/springframework/integration/spring-integration-bom/5.0.8.RELEASE/spring-integration-bom-5.0.8.RELEASE.pom
2019-04-01 19:37:33,667 [Worker-1] INFO  o.e.m.c.i.e.AbstractTransferListenerAdapter - Downloaded https://repo.maven.apache.org/maven2/org/springframework/integration/spring-integration-bom/5.0.8.RELEASE/spring-integration-bom-5.0.8.RELEASE.pom
2019-04-01 19:37:33,830 [Worker-1] INFO  o.e.m.c.i.e.AbstractTransferListenerAdapter - Downloading https://repo.maven.apache.org/maven2/org/springframework/security/spring-security-bom/5.0.8.RELEASE/spring-security-bom-5.0.8.RELEASE.pom
2019-04-01 19:37:33,990 [Worker-1] INFO  o.e.m.c.i.e.AbstractTransferListenerAdapter - Downloaded https://repo.maven.apache.org/maven2/org/springframework/security/spring-security-bom/5.0.8.RELEASE/spring-security-bom-5.0.8.RELEASE.pom
2019-04-01 19:37:34,140 [Worker-1] INFO  o.e.m.c.i.e.AbstractTransferListenerAdapter - Downloading https://repo.maven.apache.org/maven2/org/springframework/session/spring-session-bom/Apple-SR5/spring-session-bom-Apple-SR5.pom
2019-04-01 19:37:34,302 [Worker-1] INFO  o.e.m.c.i.e.AbstractTransferListenerAdapter - Downloaded https://repo.maven.apache.org/maven2/org/springframework/session/spring-session-bom/Apple-SR5/spring-session-bom-Apple-SR5.pom
2019-04-01 19:37:35,703 [Worker-1] INFO  o.e.m.c.i.e.AbstractTransferListenerAdapter - Downloading https://repo.maven.apache.org/maven2/org/springframework/boot/spring-boot-maven-plugin/2.0.5.RELEASE/spring-boot-maven-plugin-2.0.5.RELEASE.pom
2019-04-01 19:37:35,854 [Worker-1] INFO  o.e.m.c.i.e.AbstractTransferListenerAdapter - Downloaded https://repo.maven.apache.org/maven2/org/springframework/boot/spring-boot-maven-plugin/2.0.5.RELEASE/spring-boot-maven-plugin-2.0.5.RELEASE.pom
2019-04-01 19:37:36,015 [Worker-1] INFO  o.e.m.c.i.e.AbstractTransferListenerAdapter - Downloading https://repo.maven.apache.org/maven2/org/springframework/boot/spring-boot-tools/2.0.5.RELEASE/spring-boot-tools-2.0.5.RELEASE.pom
2019-04-01 19:37:36,164 [Worker-1] INFO  o.e.m.c.i.e.AbstractTransferListenerAdapter - Downloaded https://repo.maven.apache.org/maven2/org/springframework/boot/spring-boot-tools/2.0.5.RELEASE/spring-boot-tools-2.0.5.RELEASE.pom
2019-04-01 19:37:36,323 [Worker-1] INFO  o.e.m.c.i.e.AbstractTransferListenerAdapter - Downloading https://repo.maven.apache.org/maven2/org/springframework/boot/spring-boot-parent/2.0.5.RELEASE/spring-boot-parent-2.0.5.RELEASE.pom
2019-04-01 19:37:36,466 [Worker-1] INFO  o.e.m.c.i.e.AbstractTransferListenerAdapter - Downloaded https://repo.maven.apache.org/maven2/org/springframework/boot/spring-boot-parent/2.0.5.RELEASE/spring-boot-parent-2.0.5.RELEASE.pom
2019-04-01 19:37:36,651 [Worker-1] INFO  o.e.m.c.i.e.AbstractTransferListenerAdapter - Downloading https://repo.maven.apache.org/maven2/org/springframework/boot/spring-boot-maven-plugin/2.0.5.RELEASE/spring-boot-maven-plugin-2.0.5.RELEASE.jar
2019-04-01 19:37:37,080 [Worker-1] INFO  o.e.m.c.i.e.AbstractTransferListenerAdapter - Downloaded https://repo.maven.apache.org/maven2/org/springframework/boot/spring-boot-maven-plugin/2.0.5.RELEASE/spring-boot-maven-plugin-2.0.5.RELEASE.jar
2019-04-01 19:37:37,637 [Worker-1] INFO  o.e.m.c.i.e.AbstractTransferListenerAdapter - Downloading https://repo.maven.apache.org/maven2/org/apache/maven/plugins/maven-clean-plugin/3.0.0/maven-clean-plugin-3.0.0.jar
2019-04-01 19:37:37,807 [Worker-1] INFO  o.e.m.c.i.e.AbstractTransferListenerAdapter - Downloaded https://repo.maven.apache.org/maven2/org/apache/maven/plugins/maven-clean-plugin/3.0.0/maven-clean-plugin-3.0.0.jar
2019-04-01 19:37:38,083 [Worker-1] INFO  o.e.m.c.i.e.AbstractTransferListenerAdapter - Downloading https://repo.maven.apache.org/maven2/org/apache/maven/plugins/maven-resources-plugin/3.0.2/maven-resources-plugin-3.0.2.jar
2019-04-01 19:37:38,252 [Worker-1] INFO  o.e.m.c.i.e.AbstractTransferListenerAdapter - Downloaded https://repo.maven.apache.org/maven2/org/apache/maven/plugins/maven-resources-plugin/3.0.2/maven-resources-plugin-3.0.2.jar
2019-04-01 19:37:38,560 [Worker-1] INFO  o.e.m.c.i.e.AbstractTransferListenerAdapter - Downloading https://repo.maven.apache.org/maven2/org/apache/maven/plugins/maven-surefire-plugin/2.21.0/maven-surefire-plugin-2.21.0.jar
2019-04-01 19:37:38,728 [Worker-1] INFO  o.e.m.c.i.e.AbstractTransferListenerAdapter - Downloaded https://repo.maven.apache.org/maven2/org/apache/maven/plugins/maven-surefire-plugin/2.21.0/maven-surefire-plugin-2.21.0.jar
2019-04-01 19:37:38,969 [Worker-1] INFO  o.e.m.c.i.e.AbstractTransferListenerAdapter - Downloading https://repo.maven.apache.org/maven2/org/apache/maven/plugins/maven-jar-plugin/3.0.2/maven-jar-plugin-3.0.2.jar
2019-04-01 19:37:39,142 [Worker-1] INFO  o.e.m.c.i.e.AbstractTransferListenerAdapter - Downloaded https://repo.maven.apache.org/maven2/org/apache/maven/plugins/maven-jar-plugin/3.0.2/maven-jar-plugin-3.0.2.jar
2019-04-01 19:37:39,393 [Worker-1] INFO  o.e.m.c.i.e.AbstractTransferListenerAdapter - Downloading https://repo.maven.apache.org/maven2/org/apache/maven/plugins/maven-install-plugin/2.5.2/maven-install-plugin-2.5.2.jar
2019-04-01 19:37:39,542 [Worker-1] INFO  o.e.m.c.i.e.AbstractTransferListenerAdapter - Downloaded https://repo.maven.apache.org/maven2/org/apache/maven/plugins/maven-install-plugin/2.5.2/maven-install-plugin-2.5.2.jar
2019-04-01 19:37:39,792 [Worker-1] INFO  o.e.m.c.i.e.AbstractTransferListenerAdapter - Downloading https://repo.maven.apache.org/maven2/org/apache/maven/plugins/maven-deploy-plugin/2.8.2/maven-deploy-plugin-2.8.2.jar
2019-04-01 19:37:39,948 [Worker-1] INFO  o.e.m.c.i.e.AbstractTransferListenerAdapter - Downloaded https://repo.maven.apache.org/maven2/org/apache/maven/plugins/maven-deploy-plugin/2.8.2/maven-deploy-plugin-2.8.2.jar
2019-04-01 19:37:40,188 [Worker-1] INFO  o.e.m.c.i.e.AbstractTransferListenerAdapter - Downloading https://repo.maven.apache.org/maven2/org/apache/maven/plugins/maven-site-plugin/3.6/maven-site-plugin-3.6.jar
2019-04-01 19:37:40,614 [Worker-1] INFO  o.e.m.c.i.e.AbstractTransferListenerAdapter - Downloaded https://repo.maven.apache.org/maven2/org/apache/maven/plugins/maven-site-plugin/3.6/maven-site-plugin-3.6.jar
2019-04-01 19:37:41,758 [Worker-1] INFO  o.e.m.c.i.l.LifecycleMappingFactory - Using org.eclipse.m2e.jdt.JarLifecycleMapping lifecycle mapping for MavenProject: br.com.fiap:order-service:0.0.1-SNAPSHOT @ D:\eclipse-worskpaces\microservices\order-service\pom.xml.
2019-04-01 19:37:41,907 [Worker-1] INFO  o.e.m.c.i.e.AbstractTransferListenerAdapter - Downloading https://repo.maven.apache.org/maven2/org/springframework/boot/spring-boot-starter-web/2.0.5.RELEASE/spring-boot-starter-web-2.0.5.RELEASE.pom
2019-04-01 19:37:42,076 [Worker-1] INFO  o.e.m.c.i.e.AbstractTransferListenerAdapter - Downloaded https://repo.maven.apache.org/maven2/org/springframework/boot/spring-boot-starter-web/2.0.5.RELEASE/spring-boot-starter-web-2.0.5.RELEASE.pom
2019-04-01 19:37:42,237 [Worker-1] INFO  o.e.m.c.i.e.AbstractTransferListenerAdapter - Downloading https://repo.maven.apache.org/maven2/org/springframework/boot/spring-boot-starters/2.0.5.RELEASE/spring-boot-starters-2.0.5.RELEASE.pom
2019-04-01 19:37:42,410 [Worker-1] INFO  o.e.m.c.i.e.AbstractTransferListenerAdapter - Downloaded https://repo.maven.apache.org/maven2/org/springframework/boot/spring-boot-starters/2.0.5.RELEASE/spring-boot-starters-2.0.5.RELEASE.pom
2019-04-01 19:37:42,585 [Worker-1] INFO  o.e.m.c.i.e.AbstractTransferListenerAdapter - Downloading https://repo.maven.apache.org/maven2/org/springframework/boot/spring-boot-starter/2.0.5.RELEASE/spring-boot-starter-2.0.5.RELEASE.pom
2019-04-01 19:37:42,733 [Worker-1] INFO  o.e.m.c.i.e.AbstractTransferListenerAdapter - Downloaded https://repo.maven.apache.org/maven2/org/springframework/boot/spring-boot-starter/2.0.5.RELEASE/spring-boot-starter-2.0.5.RELEASE.pom
2019-04-01 19:37:42,902 [Worker-1] INFO  o.e.m.c.i.e.AbstractTransferListenerAdapter - Downloading https://repo.maven.apache.org/maven2/org/springframework/boot/spring-boot/2.0.5.RELEASE/spring-boot-2.0.5.RELEASE.pom
2019-04-01 19:37:43,060 [Worker-1] INFO  o.e.m.c.i.e.AbstractTransferListenerAdapter - Downloaded https://repo.maven.apache.org/maven2/org/springframework/boot/spring-boot/2.0.5.RELEASE/spring-boot-2.0.5.RELEASE.pom
2019-04-01 19:37:43,229 [Worker-1] INFO  o.e.m.c.i.e.AbstractTransferListenerAdapter - Downloading https://repo.maven.apache.org/maven2/org/springframework/spring-core/5.0.9.RELEASE/spring-core-5.0.9.RELEASE.pom
2019-04-01 19:37:43,397 [Worker-1] INFO  o.e.m.c.i.e.AbstractTransferListenerAdapter - Downloaded https://repo.maven.apache.org/maven2/org/springframework/spring-core/5.0.9.RELEASE/spring-core-5.0.9.RELEASE.pom
2019-04-01 19:37:43,560 [Worker-1] INFO  o.e.m.c.i.e.AbstractTransferListenerAdapter - Downloading https://repo.maven.apache.org/maven2/org/springframework/spring-jcl/5.0.9.RELEASE/spring-jcl-5.0.9.RELEASE.pom
2019-04-01 19:37:43,726 [Worker-1] INFO  o.e.m.c.i.e.AbstractTransferListenerAdapter - Downloaded https://repo.maven.apache.org/maven2/org/springframework/spring-jcl/5.0.9.RELEASE/spring-jcl-5.0.9.RELEASE.pom
2019-04-01 19:37:43,890 [Worker-1] INFO  o.e.m.c.i.e.AbstractTransferListenerAdapter - Downloading https://repo.maven.apache.org/maven2/org/springframework/spring-context/5.0.9.RELEASE/spring-context-5.0.9.RELEASE.pom
2019-04-01 19:37:44,042 [Worker-1] INFO  o.e.m.c.i.e.AbstractTransferListenerAdapter - Downloaded https://repo.maven.apache.org/maven2/org/springframework/spring-context/5.0.9.RELEASE/spring-context-5.0.9.RELEASE.pom
2019-04-01 19:37:44,214 [Worker-1] INFO  o.e.m.c.i.e.AbstractTransferListenerAdapter - Downloading https://repo.maven.apache.org/maven2/org/springframework/spring-aop/5.0.9.RELEASE/spring-aop-5.0.9.RELEASE.pom
2019-04-01 19:37:44,377 [Worker-1] INFO  o.e.m.c.i.e.AbstractTransferListenerAdapter - Downloaded https://repo.maven.apache.org/maven2/org/springframework/spring-aop/5.0.9.RELEASE/spring-aop-5.0.9.RELEASE.pom
2019-04-01 19:37:44,526 [Worker-1] INFO  o.e.m.c.i.e.AbstractTransferListenerAdapter - Downloading https://repo.maven.apache.org/maven2/org/springframework/spring-beans/5.0.9.RELEASE/spring-beans-5.0.9.RELEASE.pom
2019-04-01 19:37:44,681 [Worker-1] INFO  o.e.m.c.i.e.AbstractTransferListenerAdapter - Downloaded https://repo.maven.apache.org/maven2/org/springframework/spring-beans/5.0.9.RELEASE/spring-beans-5.0.9.RELEASE.pom
2019-04-01 19:37:44,876 [Worker-1] INFO  o.e.m.c.i.e.AbstractTransferListenerAdapter - Downloading https://repo.maven.apache.org/maven2/org/springframework/spring-expression/5.0.9.RELEASE/spring-expression-5.0.9.RELEASE.pom
2019-04-01 19:37:45,035 [Worker-1] INFO  o.e.m.c.i.e.AbstractTransferListenerAdapter - Downloaded https://repo.maven.apache.org/maven2/org/springframework/spring-expression/5.0.9.RELEASE/spring-expression-5.0.9.RELEASE.pom
2019-04-01 19:37:45,219 [Worker-1] INFO  o.e.m.c.i.e.AbstractTransferListenerAdapter - Downloading https://repo.maven.apache.org/maven2/org/springframework/boot/spring-boot-autoconfigure/2.0.5.RELEASE/spring-boot-autoconfigure-2.0.5.RELEASE.pom
2019-04-01 19:37:45,377 [Worker-1] INFO  o.e.m.c.i.e.AbstractTransferListenerAdapter - Downloaded https://repo.maven.apache.org/maven2/org/springframework/boot/spring-boot-autoconfigure/2.0.5.RELEASE/spring-boot-autoconfigure-2.0.5.RELEASE.pom
2019-04-01 19:37:45,540 [Worker-1] INFO  o.e.m.c.i.e.AbstractTransferListenerAdapter - Downloading https://repo.maven.apache.org/maven2/org/springframework/boot/spring-boot-starter-logging/2.0.5.RELEASE/spring-boot-starter-logging-2.0.5.RELEASE.pom
2019-04-01 19:37:45,687 [Worker-1] INFO  o.e.m.c.i.e.AbstractTransferListenerAdapter - Downloaded https://repo.maven.apache.org/maven2/org/springframework/boot/spring-boot-starter-logging/2.0.5.RELEASE/spring-boot-starter-logging-2.0.5.RELEASE.pom
2019-04-01 19:37:45,964 [Worker-1] INFO  o.e.m.c.i.e.AbstractTransferListenerAdapter - Downloading https://repo.maven.apache.org/maven2/org/springframework/boot/spring-boot-starter-json/2.0.5.RELEASE/spring-boot-starter-json-2.0.5.RELEASE.pom
2019-04-01 19:37:46,131 [Worker-1] INFO  o.e.m.c.i.e.AbstractTransferListenerAdapter - Downloaded https://repo.maven.apache.org/maven2/org/springframework/boot/spring-boot-starter-json/2.0.5.RELEASE/spring-boot-starter-json-2.0.5.RELEASE.pom
2019-04-01 19:37:46,304 [Worker-1] INFO  o.e.m.c.i.e.AbstractTransferListenerAdapter - Downloading https://repo.maven.apache.org/maven2/org/springframework/spring-web/5.0.9.RELEASE/spring-web-5.0.9.RELEASE.pom
2019-04-01 19:37:46,466 [Worker-1] INFO  o.e.m.c.i.e.AbstractTransferListenerAdapter - Downloaded https://repo.maven.apache.org/maven2/org/springframework/spring-web/5.0.9.RELEASE/spring-web-5.0.9.RELEASE.pom
2019-04-01 19:37:46,619 [Worker-1] INFO  o.e.m.c.i.e.AbstractTransferListenerAdapter - Downloading https://repo.maven.apache.org/maven2/com/fasterxml/jackson/core/jackson-databind/2.9.6/jackson-databind-2.9.6.pom
2019-04-01 19:37:46,778 [Worker-1] INFO  o.e.m.c.i.e.AbstractTransferListenerAdapter - Downloaded https://repo.maven.apache.org/maven2/com/fasterxml/jackson/core/jackson-databind/2.9.6/jackson-databind-2.9.6.pom
2019-04-01 19:37:46,939 [Worker-1] INFO  o.e.m.c.i.e.AbstractTransferListenerAdapter - Downloading https://repo.maven.apache.org/maven2/com/fasterxml/jackson/jackson-base/2.9.6/jackson-base-2.9.6.pom
2019-04-01 19:37:47,091 [Worker-1] INFO  o.e.m.c.i.e.AbstractTransferListenerAdapter - Downloaded https://repo.maven.apache.org/maven2/com/fasterxml/jackson/jackson-base/2.9.6/jackson-base-2.9.6.pom
2019-04-01 19:37:47,301 [Worker-1] INFO  o.e.m.c.i.e.AbstractTransferListenerAdapter - Downloading https://repo.maven.apache.org/maven2/com/fasterxml/jackson/core/jackson-core/2.9.6/jackson-core-2.9.6.pom
2019-04-01 19:37:47,452 [Worker-1] INFO  o.e.m.c.i.e.AbstractTransferListenerAdapter - Downloaded https://repo.maven.apache.org/maven2/com/fasterxml/jackson/core/jackson-core/2.9.6/jackson-core-2.9.6.pom
2019-04-01 19:37:47,617 [Worker-1] INFO  o.e.m.c.i.e.AbstractTransferListenerAdapter - Downloading https://repo.maven.apache.org/maven2/com/fasterxml/jackson/datatype/jackson-datatype-jdk8/2.9.6/jackson-datatype-jdk8-2.9.6.pom
2019-04-01 19:37:47,771 [Worker-1] INFO  o.e.m.c.i.e.AbstractTransferListenerAdapter - Downloaded https://repo.maven.apache.org/maven2/com/fasterxml/jackson/datatype/jackson-datatype-jdk8/2.9.6/jackson-datatype-jdk8-2.9.6.pom
2019-04-01 19:37:47,952 [Worker-1] INFO  o.e.m.c.i.e.AbstractTransferListenerAdapter - Downloading https://repo.maven.apache.org/maven2/com/fasterxml/jackson/module/jackson-modules-java8/2.9.6/jackson-modules-java8-2.9.6.pom
2019-04-01 19:37:48,116 [Worker-1] INFO  o.e.m.c.i.e.AbstractTransferListenerAdapter - Downloaded https://repo.maven.apache.org/maven2/com/fasterxml/jackson/module/jackson-modules-java8/2.9.6/jackson-modules-java8-2.9.6.pom
2019-04-01 19:37:48,281 [Worker-1] INFO  o.e.m.c.i.e.AbstractTransferListenerAdapter - Downloading https://repo.maven.apache.org/maven2/com/fasterxml/jackson/datatype/jackson-datatype-jsr310/2.9.6/jackson-datatype-jsr310-2.9.6.pom
2019-04-01 19:37:48,433 [Worker-1] INFO  o.e.m.c.i.e.AbstractTransferListenerAdapter - Downloaded https://repo.maven.apache.org/maven2/com/fasterxml/jackson/datatype/jackson-datatype-jsr310/2.9.6/jackson-datatype-jsr310-2.9.6.pom
2019-04-01 19:37:48,601 [Worker-1] INFO  o.e.m.c.i.e.AbstractTransferListenerAdapter - Downloading https://repo.maven.apache.org/maven2/com/fasterxml/jackson/module/jackson-module-parameter-names/2.9.6/jackson-module-parameter-names-2.9.6.pom
2019-04-01 19:37:48,768 [Worker-1] INFO  o.e.m.c.i.e.AbstractTransferListenerAdapter - Downloaded https://repo.maven.apache.org/maven2/com/fasterxml/jackson/module/jackson-module-parameter-names/2.9.6/jackson-module-parameter-names-2.9.6.pom
2019-04-01 19:37:48,946 [Worker-1] INFO  o.e.m.c.i.e.AbstractTransferListenerAdapter - Downloading https://repo.maven.apache.org/maven2/org/hibernate/validator/hibernate-validator/6.0.12.Final/hibernate-validator-6.0.12.Final.pom
2019-04-01 19:37:49,110 [Worker-1] INFO  o.e.m.c.i.e.AbstractTransferListenerAdapter - Downloaded https://repo.maven.apache.org/maven2/org/hibernate/validator/hibernate-validator/6.0.12.Final/hibernate-validator-6.0.12.Final.pom
2019-04-01 19:37:49,270 [Worker-1] INFO  o.e.m.c.i.e.AbstractTransferListenerAdapter - Downloading https://repo.maven.apache.org/maven2/org/hibernate/validator/hibernate-validator-parent/6.0.12.Final/hibernate-validator-parent-6.0.12.Final.pom
2019-04-01 19:37:49,447 [Worker-1] INFO  o.e.m.c.i.e.AbstractTransferListenerAdapter - Downloaded https://repo.maven.apache.org/maven2/org/hibernate/validator/hibernate-validator-parent/6.0.12.Final/hibernate-validator-parent-6.0.12.Final.pom
2019-04-01 19:37:49,720 [Worker-1] INFO  o.e.m.c.i.e.AbstractTransferListenerAdapter - Downloading https://repo.maven.apache.org/maven2/org/jboss/logging/jboss-logging/3.3.2.Final/jboss-logging-3.3.2.Final.pom
2019-04-01 19:37:49,872 [Worker-1] INFO  o.e.m.c.i.e.AbstractTransferListenerAdapter - Downloaded https://repo.maven.apache.org/maven2/org/jboss/logging/jboss-logging/3.3.2.Final/jboss-logging-3.3.2.Final.pom
2019-04-01 19:37:50,048 [Worker-1] INFO  o.e.m.c.i.e.AbstractTransferListenerAdapter - Downloading https://repo.maven.apache.org/maven2/com/fasterxml/classmate/1.3.4/classmate-1.3.4.pom
2019-04-01 19:37:50,201 [Worker-1] INFO  o.e.m.c.i.e.AbstractTransferListenerAdapter - Downloaded https://repo.maven.apache.org/maven2/com/fasterxml/classmate/1.3.4/classmate-1.3.4.pom
2019-04-01 19:37:50,381 [Worker-1] INFO  o.e.m.c.i.e.AbstractTransferListenerAdapter - Downloading https://repo.maven.apache.org/maven2/org/springframework/spring-webmvc/5.0.9.RELEASE/spring-webmvc-5.0.9.RELEASE.pom
2019-04-01 19:37:50,527 [Worker-1] INFO  o.e.m.c.i.e.AbstractTransferListenerAdapter - Downloaded https://repo.maven.apache.org/maven2/org/springframework/spring-webmvc/5.0.9.RELEASE/spring-webmvc-5.0.9.RELEASE.pom
2019-04-01 19:37:50,676 [Worker-1] INFO  o.e.m.c.i.e.AbstractTransferListenerAdapter - Downloading https://repo.maven.apache.org/maven2/org/springframework/boot/spring-boot-starter-undertow/2.0.5.RELEASE/spring-boot-starter-undertow-2.0.5.RELEASE.pom
2019-04-01 19:37:50,825 [Worker-1] INFO  o.e.m.c.i.e.AbstractTransferListenerAdapter - Downloaded https://repo.maven.apache.org/maven2/org/springframework/boot/spring-boot-starter-undertow/2.0.5.RELEASE/spring-boot-starter-undertow-2.0.5.RELEASE.pom
2019-04-01 19:37:50,992 [Worker-1] INFO  o.e.m.c.i.e.AbstractTransferListenerAdapter - Downloading https://repo.maven.apache.org/maven2/io/undertow/undertow-core/1.4.25.Final/undertow-core-1.4.25.Final.pom
2019-04-01 19:37:51,144 [Worker-1] INFO  o.e.m.c.i.e.AbstractTransferListenerAdapter - Downloaded https://repo.maven.apache.org/maven2/io/undertow/undertow-core/1.4.25.Final/undertow-core-1.4.25.Final.pom
2019-04-01 19:37:51,291 [Worker-1] INFO  o.e.m.c.i.e.AbstractTransferListenerAdapter - Downloading https://repo.maven.apache.org/maven2/io/undertow/undertow-parent/1.4.25.Final/undertow-parent-1.4.25.Final.pom
2019-04-01 19:37:51,462 [Worker-1] INFO  o.e.m.c.i.e.AbstractTransferListenerAdapter - Downloaded https://repo.maven.apache.org/maven2/io/undertow/undertow-parent/1.4.25.Final/undertow-parent-1.4.25.Final.pom
2019-04-01 19:37:51,624 [Worker-1] INFO  o.e.m.c.i.e.AbstractTransferListenerAdapter - Downloading https://repo.maven.apache.org/maven2/org/jboss/jboss-parent/26/jboss-parent-26.pom
2019-04-01 19:37:51,777 [Worker-1] INFO  o.e.m.c.i.e.AbstractTransferListenerAdapter - Downloaded https://repo.maven.apache.org/maven2/org/jboss/jboss-parent/26/jboss-parent-26.pom
2019-04-01 19:37:51,928 [Worker-1] INFO  o.e.m.c.i.e.AbstractTransferListenerAdapter - Downloading https://repo.maven.apache.org/maven2/org/jboss/xnio/xnio-api/3.3.8.Final/xnio-api-3.3.8.Final.pom
2019-04-01 19:37:52,081 [Worker-1] INFO  o.e.m.c.i.e.AbstractTransferListenerAdapter - Downloaded https://repo.maven.apache.org/maven2/org/jboss/xnio/xnio-api/3.3.8.Final/xnio-api-3.3.8.Final.pom
2019-04-01 19:37:52,241 [Worker-1] INFO  o.e.m.c.i.e.AbstractTransferListenerAdapter - Downloading https://repo.maven.apache.org/maven2/org/jboss/xnio/xnio-all/3.3.8.Final/xnio-all-3.3.8.Final.pom
2019-04-01 19:37:52,393 [Worker-1] INFO  o.e.m.c.i.e.AbstractTransferListenerAdapter - Downloaded https://repo.maven.apache.org/maven2/org/jboss/xnio/xnio-all/3.3.8.Final/xnio-all-3.3.8.Final.pom
2019-04-01 19:37:52,572 [Worker-1] INFO  o.e.m.c.i.e.AbstractTransferListenerAdapter - Downloading https://repo.maven.apache.org/maven2/org/jboss/xnio/xnio-nio/3.3.8.Final/xnio-nio-3.3.8.Final.pom
2019-04-01 19:37:52,726 [Worker-1] INFO  o.e.m.c.i.e.AbstractTransferListenerAdapter - Downloaded https://repo.maven.apache.org/maven2/org/jboss/xnio/xnio-nio/3.3.8.Final/xnio-nio-3.3.8.Final.pom
2019-04-01 19:37:52,891 [Worker-1] INFO  o.e.m.c.i.e.AbstractTransferListenerAdapter - Downloading https://repo.maven.apache.org/maven2/io/undertow/undertow-servlet/1.4.25.Final/undertow-servlet-1.4.25.Final.pom
2019-04-01 19:37:53,042 [Worker-1] INFO  o.e.m.c.i.e.AbstractTransferListenerAdapter - Downloaded https://repo.maven.apache.org/maven2/io/undertow/undertow-servlet/1.4.25.Final/undertow-servlet-1.4.25.Final.pom
2019-04-01 19:37:53,208 [Worker-1] INFO  o.e.m.c.i.e.AbstractTransferListenerAdapter - Downloading https://repo.maven.apache.org/maven2/org/jboss/spec/javax/annotation/jboss-annotations-api_1.2_spec/1.0.2.Final/jboss-annotations-api_1.2_spec-1.0.2.Final.pom
2019-04-01 19:37:53,367 [Worker-1] INFO  o.e.m.c.i.e.AbstractTransferListenerAdapter - Downloaded https://repo.maven.apache.org/maven2/org/jboss/spec/javax/annotation/jboss-annotations-api_1.2_spec/1.0.2.Final/jboss-annotations-api_1.2_spec-1.0.2.Final.pom
2019-04-01 19:37:53,523 [Worker-1] INFO  o.e.m.c.i.e.AbstractTransferListenerAdapter - Downloading https://repo.maven.apache.org/maven2/org/jboss/jboss-parent/25/jboss-parent-25.pom
2019-04-01 19:37:53,724 [Worker-1] INFO  o.e.m.c.i.e.AbstractTransferListenerAdapter - Downloaded https://repo.maven.apache.org/maven2/org/jboss/jboss-parent/25/jboss-parent-25.pom
2019-04-01 19:37:53,887 [Worker-1] INFO  o.e.m.c.i.e.AbstractTransferListenerAdapter - Downloading https://repo.maven.apache.org/maven2/io/undertow/undertow-websockets-jsr/1.4.25.Final/undertow-websockets-jsr-1.4.25.Final.pom
2019-04-01 19:37:54,052 [Worker-1] INFO  o.e.m.c.i.e.AbstractTransferListenerAdapter - Downloaded https://repo.maven.apache.org/maven2/io/undertow/undertow-websockets-jsr/1.4.25.Final/undertow-websockets-jsr-1.4.25.Final.pom
2019-04-01 19:37:54,221 [Worker-1] INFO  o.e.m.c.i.e.AbstractTransferListenerAdapter - Downloading https://repo.maven.apache.org/maven2/org/jboss/spec/javax/servlet/jboss-servlet-api_3.1_spec/1.0.2.Final/jboss-servlet-api_3.1_spec-1.0.2.Final.pom
2019-04-01 19:37:54,379 [Worker-1] INFO  o.e.m.c.i.e.AbstractTransferListenerAdapter - Downloaded https://repo.maven.apache.org/maven2/org/jboss/spec/javax/servlet/jboss-servlet-api_3.1_spec/1.0.2.Final/jboss-servlet-api_3.1_spec-1.0.2.Final.pom
2019-04-01 19:37:54,566 [Worker-1] INFO  o.e.m.c.i.e.AbstractTransferListenerAdapter - Downloading https://repo.maven.apache.org/maven2/org/jboss/spec/javax/websocket/jboss-websocket-api_1.1_spec/1.1.3.Final/jboss-websocket-api_1.1_spec-1.1.3.Final.pom
2019-04-01 19:37:54,726 [Worker-1] INFO  o.e.m.c.i.e.AbstractTransferListenerAdapter - Downloaded https://repo.maven.apache.org/maven2/org/jboss/spec/javax/websocket/jboss-websocket-api_1.1_spec/1.1.3.Final/jboss-websocket-api_1.1_spec-1.1.3.Final.pom
2019-04-01 19:37:54,888 [Worker-1] INFO  o.e.m.c.i.e.AbstractTransferListenerAdapter - Downloading https://repo.maven.apache.org/maven2/javax/servlet/javax.servlet-api/3.1.0/javax.servlet-api-3.1.0.pom
2019-04-01 19:37:55,052 [Worker-1] INFO  o.e.m.c.i.e.AbstractTransferListenerAdapter - Downloaded https://repo.maven.apache.org/maven2/javax/servlet/javax.servlet-api/3.1.0/javax.servlet-api-3.1.0.pom
2019-04-01 19:37:55,230 [Worker-1] INFO  o.e.m.c.i.e.AbstractTransferListenerAdapter - Downloading https://repo.maven.apache.org/maven2/org/glassfish/javax.el/3.0.0/javax.el-3.0.0.pom
2019-04-01 19:37:55,530 [Worker-1] INFO  o.e.m.c.i.e.AbstractTransferListenerAdapter - Downloaded https://repo.maven.apache.org/maven2/org/glassfish/javax.el/3.0.0/javax.el-3.0.0.pom
2019-04-01 19:37:55,686 [Worker-1] INFO  o.e.m.c.i.e.AbstractTransferListenerAdapter - Downloading https://repo.maven.apache.org/maven2/org/springframework/boot/spring-boot-starter-actuator/2.0.5.RELEASE/spring-boot-starter-actuator-2.0.5.RELEASE.pom
2019-04-01 19:37:55,841 [Worker-1] INFO  o.e.m.c.i.e.AbstractTransferListenerAdapter - Downloaded https://repo.maven.apache.org/maven2/org/springframework/boot/spring-boot-starter-actuator/2.0.5.RELEASE/spring-boot-starter-actuator-2.0.5.RELEASE.pom
2019-04-01 19:37:56,030 [Worker-1] INFO  o.e.m.c.i.e.AbstractTransferListenerAdapter - Downloading https://repo.maven.apache.org/maven2/org/springframework/boot/spring-boot-actuator-autoconfigure/2.0.5.RELEASE/spring-boot-actuator-autoconfigure-2.0.5.RELEASE.pom
2019-04-01 19:37:56,194 [Worker-1] INFO  o.e.m.c.i.e.AbstractTransferListenerAdapter - Downloaded https://repo.maven.apache.org/maven2/org/springframework/boot/spring-boot-actuator-autoconfigure/2.0.5.RELEASE/spring-boot-actuator-autoconfigure-2.0.5.RELEASE.pom
2019-04-01 19:37:56,345 [Worker-1] INFO  o.e.m.c.i.e.AbstractTransferListenerAdapter - Downloading https://repo.maven.apache.org/maven2/org/springframework/boot/spring-boot-actuator/2.0.5.RELEASE/spring-boot-actuator-2.0.5.RELEASE.pom
2019-04-01 19:37:56,505 [Worker-1] INFO  o.e.m.c.i.e.AbstractTransferListenerAdapter - Downloaded https://repo.maven.apache.org/maven2/org/springframework/boot/spring-boot-actuator/2.0.5.RELEASE/spring-boot-actuator-2.0.5.RELEASE.pom
2019-04-01 19:37:56,682 [Worker-1] INFO  o.e.m.c.i.e.AbstractTransferListenerAdapter - Downloading https://repo.maven.apache.org/maven2/io/micrometer/micrometer-core/1.0.6/micrometer-core-1.0.6.pom
2019-04-01 19:37:56,851 [Worker-1] INFO  o.e.m.c.i.e.AbstractTransferListenerAdapter - Downloaded https://repo.maven.apache.org/maven2/io/micrometer/micrometer-core/1.0.6/micrometer-core-1.0.6.pom
2019-04-01 19:37:56,998 [Worker-1] INFO  o.e.m.c.i.e.AbstractTransferListenerAdapter - Downloading https://repo.maven.apache.org/maven2/org/hdrhistogram/HdrHistogram/2.1.10/HdrHistogram-2.1.10.pom
2019-04-01 19:37:57,240 [Worker-1] INFO  o.e.m.c.i.e.AbstractTransferListenerAdapter - Downloaded https://repo.maven.apache.org/maven2/org/hdrhistogram/HdrHistogram/2.1.10/HdrHistogram-2.1.10.pom
2019-04-01 19:37:57,389 [Worker-1] INFO  o.e.m.c.i.e.AbstractTransferListenerAdapter - Downloading https://repo.maven.apache.org/maven2/org/latencyutils/LatencyUtils/2.0.3/LatencyUtils-2.0.3.pom
2019-04-01 19:37:57,640 [Worker-1] INFO  o.e.m.c.i.e.AbstractTransferListenerAdapter - Downloaded https://repo.maven.apache.org/maven2/org/latencyutils/LatencyUtils/2.0.3/LatencyUtils-2.0.3.pom
2019-04-01 19:37:57,800 [Worker-1] INFO  o.e.m.c.i.e.AbstractTransferListenerAdapter - Downloading https://repo.maven.apache.org/maven2/org/projectlombok/lombok/1.18.0/lombok-1.18.0.pom
2019-04-01 19:37:57,980 [Worker-1] INFO  o.e.m.c.i.e.AbstractTransferListenerAdapter - Downloaded https://repo.maven.apache.org/maven2/org/projectlombok/lombok/1.18.0/lombok-1.18.0.pom
2019-04-01 19:37:58,126 [Worker-1] INFO  o.e.m.c.i.e.AbstractTransferListenerAdapter - Downloading https://repo.maven.apache.org/maven2/org/springframework/boot/spring-boot-starter-test/2.0.5.RELEASE/spring-boot-starter-test-2.0.5.RELEASE.pom
2019-04-01 19:37:58,334 [Worker-1] INFO  o.e.m.c.i.e.AbstractTransferListenerAdapter - Downloaded https://repo.maven.apache.org/maven2/org/springframework/boot/spring-boot-starter-test/2.0.5.RELEASE/spring-boot-starter-test-2.0.5.RELEASE.pom
2019-04-01 19:37:58,493 [Worker-1] INFO  o.e.m.c.i.e.AbstractTransferListenerAdapter - Downloading https://repo.maven.apache.org/maven2/org/springframework/boot/spring-boot-test/2.0.5.RELEASE/spring-boot-test-2.0.5.RELEASE.pom
2019-04-01 19:37:58,645 [Worker-1] INFO  o.e.m.c.i.e.AbstractTransferListenerAdapter - Downloaded https://repo.maven.apache.org/maven2/org/springframework/boot/spring-boot-test/2.0.5.RELEASE/spring-boot-test-2.0.5.RELEASE.pom
2019-04-01 19:37:58,823 [Worker-1] INFO  o.e.m.c.i.e.AbstractTransferListenerAdapter - Downloading https://repo.maven.apache.org/maven2/org/springframework/boot/spring-boot-test-autoconfigure/2.0.5.RELEASE/spring-boot-test-autoconfigure-2.0.5.RELEASE.pom
2019-04-01 19:37:58,969 [Worker-1] INFO  o.e.m.c.i.e.AbstractTransferListenerAdapter - Downloaded https://repo.maven.apache.org/maven2/org/springframework/boot/spring-boot-test-autoconfigure/2.0.5.RELEASE/spring-boot-test-autoconfigure-2.0.5.RELEASE.pom
2019-04-01 19:37:59,603 [Worker-1] INFO  o.e.m.c.i.e.AbstractTransferListenerAdapter - Downloading https://repo.maven.apache.org/maven2/net/bytebuddy/byte-buddy/1.7.11/byte-buddy-1.7.11.pom
2019-04-01 19:37:59,780 [Worker-1] INFO  o.e.m.c.i.e.AbstractTransferListenerAdapter - Downloaded https://repo.maven.apache.org/maven2/net/bytebuddy/byte-buddy/1.7.11/byte-buddy-1.7.11.pom
2019-04-01 19:37:59,945 [Worker-1] INFO  o.e.m.c.i.e.AbstractTransferListenerAdapter - Downloading https://repo.maven.apache.org/maven2/net/bytebuddy/byte-buddy-parent/1.7.11/byte-buddy-parent-1.7.11.pom
2019-04-01 19:38:00,095 [Worker-1] INFO  o.e.m.c.i.e.AbstractTransferListenerAdapter - Downloaded https://repo.maven.apache.org/maven2/net/bytebuddy/byte-buddy-parent/1.7.11/byte-buddy-parent-1.7.11.pom
2019-04-01 19:38:00,247 [Worker-1] INFO  o.e.m.c.i.e.AbstractTransferListenerAdapter - Downloading https://repo.maven.apache.org/maven2/net/bytebuddy/byte-buddy-agent/1.7.11/byte-buddy-agent-1.7.11.pom
2019-04-01 19:38:00,415 [Worker-1] INFO  o.e.m.c.i.e.AbstractTransferListenerAdapter - Downloaded https://repo.maven.apache.org/maven2/net/bytebuddy/byte-buddy-agent/1.7.11/byte-buddy-agent-1.7.11.pom
2019-04-01 19:38:00,733 [Worker-1] INFO  o.e.m.c.i.e.AbstractTransferListenerAdapter - Downloading https://repo.maven.apache.org/maven2/org/springframework/spring-test/5.0.9.RELEASE/spring-test-5.0.9.RELEASE.pom
2019-04-01 19:38:00,904 [Worker-1] INFO  o.e.m.c.i.e.AbstractTransferListenerAdapter - Downloaded https://repo.maven.apache.org/maven2/org/springframework/spring-test/5.0.9.RELEASE/spring-test-5.0.9.RELEASE.pom
2019-04-01 19:38:01,188 [Worker-1] INFO  o.e.m.c.i.e.AbstractTransferListenerAdapter - Downloading https://repo.maven.apache.org/maven2/org/springframework/boot/spring-boot-starter-web/2.0.5.RELEASE/spring-boot-starter-web-2.0.5.RELEASE.jar
2019-04-01 19:38:01,344 [Worker-1] INFO  o.e.m.c.i.e.AbstractTransferListenerAdapter - Downloaded https://repo.maven.apache.org/maven2/org/springframework/boot/spring-boot-starter-web/2.0.5.RELEASE/spring-boot-starter-web-2.0.5.RELEASE.jar
2019-04-01 19:38:01,497 [Worker-1] INFO  o.e.m.c.i.e.AbstractTransferListenerAdapter - Downloading https://repo.maven.apache.org/maven2/org/springframework/boot/spring-boot-starter/2.0.5.RELEASE/spring-boot-starter-2.0.5.RELEASE.jar
2019-04-01 19:38:01,644 [Worker-1] INFO  o.e.m.c.i.e.AbstractTransferListenerAdapter - Downloaded https://repo.maven.apache.org/maven2/org/springframework/boot/spring-boot-starter/2.0.5.RELEASE/spring-boot-starter-2.0.5.RELEASE.jar
2019-04-01 19:38:02,353 [Worker-1] INFO  o.e.m.c.i.e.AbstractTransferListenerAdapter - Downloading https://repo.maven.apache.org/maven2/org/springframework/boot/spring-boot/2.0.5.RELEASE/spring-boot-2.0.5.RELEASE.jar
2019-04-01 19:38:43,827 [Worker-3] INFO  c.g.t.t.d.PublishedGradleVersions - Gradle version information cache is up-to-date. Trying to read.
2019-04-01 19:39:01,600 [Worker-11] INFO  o.e.m.c.i.l.LifecycleMappingFactory - Using org.eclipse.m2e.jdt.JarLifecycleMapping lifecycle mapping for MavenProject: br.com.fiap:order-service:0.0.1-SNAPSHOT @ D:\eclipse-worskpaces\microservices\order-service\pom.xml.
2019-04-01 19:39:02,966 [Worker-11] INFO  o.e.m.c.i.e.AbstractTransferListenerAdapter - Downloading https://repo.maven.apache.org/maven2/org/springframework/boot/spring-boot/2.0.5.RELEASE/spring-boot-2.0.5.RELEASE.jar
2019-04-01 19:39:04,294 [Worker-11] INFO  o.e.m.c.i.e.AbstractTransferListenerAdapter - Downloaded https://repo.maven.apache.org/maven2/org/springframework/boot/spring-boot/2.0.5.RELEASE/spring-boot-2.0.5.RELEASE.jar
2019-04-01 19:39:04,452 [Worker-11] INFO  o.e.m.c.i.e.AbstractTransferListenerAdapter - Downloading https://repo.maven.apache.org/maven2/org/springframework/boot/spring-boot-autoconfigure/2.0.5.RELEASE/spring-boot-autoconfigure-2.0.5.RELEASE.jar
2019-04-01 19:39:04,809 [Worker-11] INFO  o.e.m.c.i.e.AbstractTransferListenerAdapter - Downloaded https://repo.maven.apache.org/maven2/org/springframework/boot/spring-boot-autoconfigure/2.0.5.RELEASE/spring-boot-autoconfigure-2.0.5.RELEASE.jar
2019-04-01 19:39:04,962 [Worker-11] INFO  o.e.m.c.i.e.AbstractTransferListenerAdapter - Downloading https://repo.maven.apache.org/maven2/org/springframework/boot/spring-boot-starter-logging/2.0.5.RELEASE/spring-boot-starter-logging-2.0.5.RELEASE.jar
2019-04-01 19:39:05,114 [Worker-11] INFO  o.e.m.c.i.e.AbstractTransferListenerAdapter - Downloaded https://repo.maven.apache.org/maven2/org/springframework/boot/spring-boot-starter-logging/2.0.5.RELEASE/spring-boot-starter-logging-2.0.5.RELEASE.jar
2019-04-01 19:39:05,257 [Worker-11] INFO  o.e.m.c.i.e.AbstractTransferListenerAdapter - Downloading https://repo.maven.apache.org/maven2/javax/annotation/javax.annotation-api/1.3.2/javax.annotation-api-1.3.2.jar
2019-04-01 19:39:05,409 [Worker-11] INFO  o.e.m.c.i.e.AbstractTransferListenerAdapter - Downloaded https://repo.maven.apache.org/maven2/javax/annotation/javax.annotation-api/1.3.2/javax.annotation-api-1.3.2.jar
2019-04-01 19:39:05,562 [Worker-11] INFO  o.e.m.c.i.e.AbstractTransferListenerAdapter - Downloading https://repo.maven.apache.org/maven2/org/springframework/boot/spring-boot-starter-json/2.0.5.RELEASE/spring-boot-starter-json-2.0.5.RELEASE.jar
2019-04-01 19:39:05,757 [Worker-11] INFO  o.e.m.c.i.e.AbstractTransferListenerAdapter - Downloaded https://repo.maven.apache.org/maven2/org/springframework/boot/spring-boot-starter-json/2.0.5.RELEASE/spring-boot-starter-json-2.0.5.RELEASE.jar
2019-04-01 19:39:05,908 [Worker-11] INFO  o.e.m.c.i.e.AbstractTransferListenerAdapter - Downloading https://repo.maven.apache.org/maven2/com/fasterxml/jackson/core/jackson-databind/2.9.6/jackson-databind-2.9.6.jar
2019-04-01 19:39:06,211 [Worker-11] INFO  o.e.m.c.i.e.AbstractTransferListenerAdapter - Downloaded https://repo.maven.apache.org/maven2/com/fasterxml/jackson/core/jackson-databind/2.9.6/jackson-databind-2.9.6.jar
2019-04-01 19:39:06,358 [Worker-11] INFO  o.e.m.c.i.e.AbstractTransferListenerAdapter - Downloading https://repo.maven.apache.org/maven2/com/fasterxml/jackson/core/jackson-annotations/2.9.0/jackson-annotations-2.9.0.jar
2019-04-01 19:39:06,519 [Worker-11] INFO  o.e.m.c.i.e.AbstractTransferListenerAdapter - Downloaded https://repo.maven.apache.org/maven2/com/fasterxml/jackson/core/jackson-annotations/2.9.0/jackson-annotations-2.9.0.jar
2019-04-01 19:39:06,673 [Worker-11] INFO  o.e.m.c.i.e.AbstractTransferListenerAdapter - Downloading https://repo.maven.apache.org/maven2/com/fasterxml/jackson/core/jackson-core/2.9.6/jackson-core-2.9.6.jar
2019-04-01 19:39:06,871 [Worker-11] INFO  o.e.m.c.i.e.AbstractTransferListenerAdapter - Downloaded https://repo.maven.apache.org/maven2/com/fasterxml/jackson/core/jackson-core/2.9.6/jackson-core-2.9.6.jar
2019-04-01 19:39:07,019 [Worker-11] INFO  o.e.m.c.i.e.AbstractTransferListenerAdapter - Downloading https://repo.maven.apache.org/maven2/com/fasterxml/jackson/datatype/jackson-datatype-jdk8/2.9.6/jackson-datatype-jdk8-2.9.6.jar
2019-04-01 19:39:07,177 [Worker-11] INFO  o.e.m.c.i.e.AbstractTransferListenerAdapter - Downloaded https://repo.maven.apache.org/maven2/com/fasterxml/jackson/datatype/jackson-datatype-jdk8/2.9.6/jackson-datatype-jdk8-2.9.6.jar
2019-04-01 19:39:07,324 [Worker-11] INFO  o.e.m.c.i.e.AbstractTransferListenerAdapter - Downloading https://repo.maven.apache.org/maven2/com/fasterxml/jackson/datatype/jackson-datatype-jsr310/2.9.6/jackson-datatype-jsr310-2.9.6.jar
2019-04-01 19:39:07,476 [Worker-11] INFO  o.e.m.c.i.e.AbstractTransferListenerAdapter - Downloaded https://repo.maven.apache.org/maven2/com/fasterxml/jackson/datatype/jackson-datatype-jsr310/2.9.6/jackson-datatype-jsr310-2.9.6.jar
2019-04-01 19:39:07,619 [Worker-11] INFO  o.e.m.c.i.e.AbstractTransferListenerAdapter - Downloading https://repo.maven.apache.org/maven2/com/fasterxml/jackson/module/jackson-module-parameter-names/2.9.6/jackson-module-parameter-names-2.9.6.jar
2019-04-01 19:39:07,764 [Worker-11] INFO  o.e.m.c.i.e.AbstractTransferListenerAdapter - Downloaded https://repo.maven.apache.org/maven2/com/fasterxml/jackson/module/jackson-module-parameter-names/2.9.6/jackson-module-parameter-names-2.9.6.jar
2019-04-01 19:39:07,908 [Worker-11] INFO  o.e.m.c.i.e.AbstractTransferListenerAdapter - Downloading https://repo.maven.apache.org/maven2/org/hibernate/validator/hibernate-validator/6.0.12.Final/hibernate-validator-6.0.12.Final.jar
2019-04-01 19:39:08,113 [Worker-11] INFO  o.e.m.c.i.e.AbstractTransferListenerAdapter - Downloaded https://repo.maven.apache.org/maven2/org/hibernate/validator/hibernate-validator/6.0.12.Final/hibernate-validator-6.0.12.Final.jar
2019-04-01 19:39:08,259 [Worker-11] INFO  o.e.m.c.i.e.AbstractTransferListenerAdapter - Downloading https://repo.maven.apache.org/maven2/javax/validation/validation-api/2.0.1.Final/validation-api-2.0.1.Final.jar
2019-04-01 19:39:08,413 [Worker-11] INFO  o.e.m.c.i.e.AbstractTransferListenerAdapter - Downloaded https://repo.maven.apache.org/maven2/javax/validation/validation-api/2.0.1.Final/validation-api-2.0.1.Final.jar
2019-04-01 19:39:08,565 [Worker-11] INFO  o.e.m.c.i.e.AbstractTransferListenerAdapter - Downloading https://repo.maven.apache.org/maven2/org/jboss/logging/jboss-logging/3.3.2.Final/jboss-logging-3.3.2.Final.jar
2019-04-01 19:39:08,723 [Worker-11] INFO  o.e.m.c.i.e.AbstractTransferListenerAdapter - Downloaded https://repo.maven.apache.org/maven2/org/jboss/logging/jboss-logging/3.3.2.Final/jboss-logging-3.3.2.Final.jar
2019-04-01 19:39:08,870 [Worker-11] INFO  o.e.m.c.i.e.AbstractTransferListenerAdapter - Downloading https://repo.maven.apache.org/maven2/com/fasterxml/classmate/1.3.4/classmate-1.3.4.jar
2019-04-01 19:39:09,022 [Worker-11] INFO  o.e.m.c.i.e.AbstractTransferListenerAdapter - Downloaded https://repo.maven.apache.org/maven2/com/fasterxml/classmate/1.3.4/classmate-1.3.4.jar
2019-04-01 19:39:09,176 [Worker-11] INFO  o.e.m.c.i.e.AbstractTransferListenerAdapter - Downloading https://repo.maven.apache.org/maven2/org/springframework/spring-web/5.0.9.RELEASE/spring-web-5.0.9.RELEASE.jar
2019-04-01 19:39:09,372 [Worker-11] INFO  o.e.m.c.i.e.AbstractTransferListenerAdapter - Downloaded https://repo.maven.apache.org/maven2/org/springframework/spring-web/5.0.9.RELEASE/spring-web-5.0.9.RELEASE.jar
2019-04-01 19:39:09,518 [Worker-11] INFO  o.e.m.c.i.e.AbstractTransferListenerAdapter - Downloading https://repo.maven.apache.org/maven2/org/springframework/spring-beans/5.0.9.RELEASE/spring-beans-5.0.9.RELEASE.jar
2019-04-01 19:39:09,721 [Worker-11] INFO  o.e.m.c.i.e.AbstractTransferListenerAdapter - Downloaded https://repo.maven.apache.org/maven2/org/springframework/spring-beans/5.0.9.RELEASE/spring-beans-5.0.9.RELEASE.jar
2019-04-01 19:39:09,867 [Worker-11] INFO  o.e.m.c.i.e.AbstractTransferListenerAdapter - Downloading https://repo.maven.apache.org/maven2/org/springframework/spring-webmvc/5.0.9.RELEASE/spring-webmvc-5.0.9.RELEASE.jar
2019-04-01 19:39:10,055 [Worker-11] INFO  o.e.m.c.i.e.AbstractTransferListenerAdapter - Downloaded https://repo.maven.apache.org/maven2/org/springframework/spring-webmvc/5.0.9.RELEASE/spring-webmvc-5.0.9.RELEASE.jar
2019-04-01 19:39:10,203 [Worker-11] INFO  o.e.m.c.i.e.AbstractTransferListenerAdapter - Downloading https://repo.maven.apache.org/maven2/org/springframework/spring-aop/5.0.9.RELEASE/spring-aop-5.0.9.RELEASE.jar
2019-04-01 19:39:10,384 [Worker-11] INFO  o.e.m.c.i.e.AbstractTransferListenerAdapter - Downloaded https://repo.maven.apache.org/maven2/org/springframework/spring-aop/5.0.9.RELEASE/spring-aop-5.0.9.RELEASE.jar
2019-04-01 19:39:10,532 [Worker-11] INFO  o.e.m.c.i.e.AbstractTransferListenerAdapter - Downloading https://repo.maven.apache.org/maven2/org/springframework/spring-context/5.0.9.RELEASE/spring-context-5.0.9.RELEASE.jar
2019-04-01 19:39:10,870 [Worker-11] INFO  o.e.m.c.i.e.AbstractTransferListenerAdapter - Downloaded https://repo.maven.apache.org/maven2/org/springframework/spring-context/5.0.9.RELEASE/spring-context-5.0.9.RELEASE.jar
2019-04-01 19:39:11,016 [Worker-11] INFO  o.e.m.c.i.e.AbstractTransferListenerAdapter - Downloading https://repo.maven.apache.org/maven2/org/springframework/spring-expression/5.0.9.RELEASE/spring-expression-5.0.9.RELEASE.jar
2019-04-01 19:39:11,199 [Worker-11] INFO  o.e.m.c.i.e.AbstractTransferListenerAdapter - Downloaded https://repo.maven.apache.org/maven2/org/springframework/spring-expression/5.0.9.RELEASE/spring-expression-5.0.9.RELEASE.jar
2019-04-01 19:39:11,343 [Worker-11] INFO  o.e.m.c.i.e.AbstractTransferListenerAdapter - Downloading https://repo.maven.apache.org/maven2/org/springframework/boot/spring-boot-starter-undertow/2.0.5.RELEASE/spring-boot-starter-undertow-2.0.5.RELEASE.jar
2019-04-01 19:39:11,494 [Worker-11] INFO  o.e.m.c.i.e.AbstractTransferListenerAdapter - Downloaded https://repo.maven.apache.org/maven2/org/springframework/boot/spring-boot-starter-undertow/2.0.5.RELEASE/spring-boot-starter-undertow-2.0.5.RELEASE.jar
2019-04-01 19:39:11,648 [Worker-11] INFO  o.e.m.c.i.e.AbstractTransferListenerAdapter - Downloading https://repo.maven.apache.org/maven2/io/undertow/undertow-core/1.4.25.Final/undertow-core-1.4.25.Final.jar
2019-04-01 19:39:11,973 [Worker-11] INFO  o.e.m.c.i.e.AbstractTransferListenerAdapter - Downloaded https://repo.maven.apache.org/maven2/io/undertow/undertow-core/1.4.25.Final/undertow-core-1.4.25.Final.jar
2019-04-01 19:39:12,118 [Worker-11] INFO  o.e.m.c.i.e.AbstractTransferListenerAdapter - Downloading https://repo.maven.apache.org/maven2/org/jboss/xnio/xnio-api/3.3.8.Final/xnio-api-3.3.8.Final.jar
2019-04-01 19:39:12,303 [Worker-11] INFO  o.e.m.c.i.e.AbstractTransferListenerAdapter - Downloaded https://repo.maven.apache.org/maven2/org/jboss/xnio/xnio-api/3.3.8.Final/xnio-api-3.3.8.Final.jar
2019-04-01 19:39:12,445 [Worker-11] INFO  o.e.m.c.i.e.AbstractTransferListenerAdapter - Downloading https://repo.maven.apache.org/maven2/org/jboss/xnio/xnio-nio/3.3.8.Final/xnio-nio-3.3.8.Final.jar
2019-04-01 19:39:12,611 [Worker-11] INFO  o.e.m.c.i.e.AbstractTransferListenerAdapter - Downloaded https://repo.maven.apache.org/maven2/org/jboss/xnio/xnio-nio/3.3.8.Final/xnio-nio-3.3.8.Final.jar
2019-04-01 19:39:12,764 [Worker-11] INFO  o.e.m.c.i.e.AbstractTransferListenerAdapter - Downloading https://repo.maven.apache.org/maven2/io/undertow/undertow-servlet/1.4.25.Final/undertow-servlet-1.4.25.Final.jar
2019-04-01 19:39:12,957 [Worker-11] INFO  o.e.m.c.i.e.AbstractTransferListenerAdapter - Downloaded https://repo.maven.apache.org/maven2/io/undertow/undertow-servlet/1.4.25.Final/undertow-servlet-1.4.25.Final.jar
2019-04-01 19:39:13,108 [Worker-11] INFO  o.e.m.c.i.e.AbstractTransferListenerAdapter - Downloading https://repo.maven.apache.org/maven2/org/jboss/spec/javax/annotation/jboss-annotations-api_1.2_spec/1.0.2.Final/jboss-annotations-api_1.2_spec-1.0.2.Final.jar
2019-04-01 19:39:13,269 [Worker-11] INFO  o.e.m.c.i.e.AbstractTransferListenerAdapter - Downloaded https://repo.maven.apache.org/maven2/org/jboss/spec/javax/annotation/jboss-annotations-api_1.2_spec/1.0.2.Final/jboss-annotations-api_1.2_spec-1.0.2.Final.jar
2019-04-01 19:39:13,418 [Worker-11] INFO  o.e.m.c.i.e.AbstractTransferListenerAdapter - Downloading https://repo.maven.apache.org/maven2/io/undertow/undertow-websockets-jsr/1.4.25.Final/undertow-websockets-jsr-1.4.25.Final.jar
2019-04-01 19:39:13,590 [Worker-11] INFO  o.e.m.c.i.e.AbstractTransferListenerAdapter - Downloaded https://repo.maven.apache.org/maven2/io/undertow/undertow-websockets-jsr/1.4.25.Final/undertow-websockets-jsr-1.4.25.Final.jar
2019-04-01 19:39:13,734 [Worker-11] INFO  o.e.m.c.i.e.AbstractTransferListenerAdapter - Downloading https://repo.maven.apache.org/maven2/org/jboss/spec/javax/websocket/jboss-websocket-api_1.1_spec/1.1.3.Final/jboss-websocket-api_1.1_spec-1.1.3.Final.jar
2019-04-01 19:39:13,892 [Worker-11] INFO  o.e.m.c.i.e.AbstractTransferListenerAdapter - Downloaded https://repo.maven.apache.org/maven2/org/jboss/spec/javax/websocket/jboss-websocket-api_1.1_spec/1.1.3.Final/jboss-websocket-api_1.1_spec-1.1.3.Final.jar
2019-04-01 19:39:14,036 [Worker-11] INFO  o.e.m.c.i.e.AbstractTransferListenerAdapter - Downloading https://repo.maven.apache.org/maven2/javax/servlet/javax.servlet-api/3.1.0/javax.servlet-api-3.1.0.jar
2019-04-01 19:39:14,201 [Worker-11] INFO  o.e.m.c.i.e.AbstractTransferListenerAdapter - Downloaded https://repo.maven.apache.org/maven2/javax/servlet/javax.servlet-api/3.1.0/javax.servlet-api-3.1.0.jar
2019-04-01 19:39:14,352 [Worker-11] INFO  o.e.m.c.i.e.AbstractTransferListenerAdapter - Downloading https://repo.maven.apache.org/maven2/org/glassfish/javax.el/3.0.0/javax.el-3.0.0.jar
2019-04-01 19:39:14,549 [Worker-11] INFO  o.e.m.c.i.e.AbstractTransferListenerAdapter - Downloaded https://repo.maven.apache.org/maven2/org/glassfish/javax.el/3.0.0/javax.el-3.0.0.jar
2019-04-01 19:39:14,693 [Worker-11] INFO  o.e.m.c.i.e.AbstractTransferListenerAdapter - Downloading https://repo.maven.apache.org/maven2/org/springframework/boot/spring-boot-starter-actuator/2.0.5.RELEASE/spring-boot-starter-actuator-2.0.5.RELEASE.jar
2019-04-01 19:39:14,840 [Worker-11] INFO  o.e.m.c.i.e.AbstractTransferListenerAdapter - Downloaded https://repo.maven.apache.org/maven2/org/springframework/boot/spring-boot-starter-actuator/2.0.5.RELEASE/spring-boot-starter-actuator-2.0.5.RELEASE.jar
2019-04-01 19:39:14,985 [Worker-11] INFO  o.e.m.c.i.e.AbstractTransferListenerAdapter - Downloading https://repo.maven.apache.org/maven2/org/springframework/boot/spring-boot-actuator-autoconfigure/2.0.5.RELEASE/spring-boot-actuator-autoconfigure-2.0.5.RELEASE.jar
2019-04-01 19:39:15,172 [Worker-11] INFO  o.e.m.c.i.e.AbstractTransferListenerAdapter - Downloaded https://repo.maven.apache.org/maven2/org/springframework/boot/spring-boot-actuator-autoconfigure/2.0.5.RELEASE/spring-boot-actuator-autoconfigure-2.0.5.RELEASE.jar
2019-04-01 19:39:15,317 [Worker-11] INFO  o.e.m.c.i.e.AbstractTransferListenerAdapter - Downloading https://repo.maven.apache.org/maven2/org/springframework/boot/spring-boot-actuator/2.0.5.RELEASE/spring-boot-actuator-2.0.5.RELEASE.jar
2019-04-01 19:39:15,506 [Worker-11] INFO  o.e.m.c.i.e.AbstractTransferListenerAdapter - Downloaded https://repo.maven.apache.org/maven2/org/springframework/boot/spring-boot-actuator/2.0.5.RELEASE/spring-boot-actuator-2.0.5.RELEASE.jar
2019-04-01 19:39:15,651 [Worker-11] INFO  o.e.m.c.i.e.AbstractTransferListenerAdapter - Downloading https://repo.maven.apache.org/maven2/io/micrometer/micrometer-core/1.0.6/micrometer-core-1.0.6.jar
2019-04-01 19:39:15,841 [Worker-11] INFO  o.e.m.c.i.e.AbstractTransferListenerAdapter - Downloaded https://repo.maven.apache.org/maven2/io/micrometer/micrometer-core/1.0.6/micrometer-core-1.0.6.jar
2019-04-01 19:39:15,991 [Worker-11] INFO  o.e.m.c.i.e.AbstractTransferListenerAdapter - Downloading https://repo.maven.apache.org/maven2/org/hdrhistogram/HdrHistogram/2.1.10/HdrHistogram-2.1.10.jar
2019-04-01 19:39:16,162 [Worker-11] INFO  o.e.m.c.i.e.AbstractTransferListenerAdapter - Downloaded https://repo.maven.apache.org/maven2/org/hdrhistogram/HdrHistogram/2.1.10/HdrHistogram-2.1.10.jar
2019-04-01 19:39:16,308 [Worker-11] INFO  o.e.m.c.i.e.AbstractTransferListenerAdapter - Downloading https://repo.maven.apache.org/maven2/org/latencyutils/LatencyUtils/2.0.3/LatencyUtils-2.0.3.jar
2019-04-01 19:39:16,464 [Worker-11] INFO  o.e.m.c.i.e.AbstractTransferListenerAdapter - Downloaded https://repo.maven.apache.org/maven2/org/latencyutils/LatencyUtils/2.0.3/LatencyUtils-2.0.3.jar
2019-04-01 19:39:16,614 [Worker-11] INFO  o.e.m.c.i.e.AbstractTransferListenerAdapter - Downloading https://repo.maven.apache.org/maven2/org/projectlombok/lombok/1.18.0/lombok-1.18.0.jar
2019-04-01 19:39:16,837 [Worker-11] INFO  o.e.m.c.i.e.AbstractTransferListenerAdapter - Downloaded https://repo.maven.apache.org/maven2/org/projectlombok/lombok/1.18.0/lombok-1.18.0.jar
2019-04-01 19:39:16,982 [Worker-11] INFO  o.e.m.c.i.e.AbstractTransferListenerAdapter - Downloading https://repo.maven.apache.org/maven2/org/springframework/boot/spring-boot-starter-test/2.0.5.RELEASE/spring-boot-starter-test-2.0.5.RELEASE.jar
2019-04-01 19:39:17,128 [Worker-11] INFO  o.e.m.c.i.e.AbstractTransferListenerAdapter - Downloaded https://repo.maven.apache.org/maven2/org/springframework/boot/spring-boot-starter-test/2.0.5.RELEASE/spring-boot-starter-test-2.0.5.RELEASE.jar
2019-04-01 19:39:17,271 [Worker-11] INFO  o.e.m.c.i.e.AbstractTransferListenerAdapter - Downloading https://repo.maven.apache.org/maven2/org/springframework/boot/spring-boot-test/2.0.5.RELEASE/spring-boot-test-2.0.5.RELEASE.jar
2019-04-01 19:39:17,424 [Worker-11] INFO  o.e.m.c.i.e.AbstractTransferListenerAdapter - Downloaded https://repo.maven.apache.org/maven2/org/springframework/boot/spring-boot-test/2.0.5.RELEASE/spring-boot-test-2.0.5.RELEASE.jar
2019-04-01 19:39:17,570 [Worker-11] INFO  o.e.m.c.i.e.AbstractTransferListenerAdapter - Downloading https://repo.maven.apache.org/maven2/org/springframework/boot/spring-boot-test-autoconfigure/2.0.5.RELEASE/spring-boot-test-autoconfigure-2.0.5.RELEASE.jar
2019-04-01 19:39:17,738 [Worker-11] INFO  o.e.m.c.i.e.AbstractTransferListenerAdapter - Downloaded https://repo.maven.apache.org/maven2/org/springframework/boot/spring-boot-test-autoconfigure/2.0.5.RELEASE/spring-boot-test-autoconfigure-2.0.5.RELEASE.jar
2019-04-01 19:39:17,886 [Worker-11] INFO  o.e.m.c.i.e.AbstractTransferListenerAdapter - Downloading https://repo.maven.apache.org/maven2/net/bytebuddy/byte-buddy/1.7.11/byte-buddy-1.7.11.jar
2019-04-01 19:39:18,266 [Worker-11] INFO  o.e.m.c.i.e.AbstractTransferListenerAdapter - Downloaded https://repo.maven.apache.org/maven2/net/bytebuddy/byte-buddy/1.7.11/byte-buddy-1.7.11.jar
2019-04-01 19:39:18,409 [Worker-11] INFO  o.e.m.c.i.e.AbstractTransferListenerAdapter - Downloading https://repo.maven.apache.org/maven2/net/bytebuddy/byte-buddy-agent/1.7.11/byte-buddy-agent-1.7.11.jar
2019-04-01 19:39:18,558 [Worker-11] INFO  o.e.m.c.i.e.AbstractTransferListenerAdapter - Downloaded https://repo.maven.apache.org/maven2/net/bytebuddy/byte-buddy-agent/1.7.11/byte-buddy-agent-1.7.11.jar
2019-04-01 19:39:18,708 [Worker-11] INFO  o.e.m.c.i.e.AbstractTransferListenerAdapter - Downloading https://repo.maven.apache.org/maven2/org/springframework/spring-core/5.0.9.RELEASE/spring-core-5.0.9.RELEASE.jar
2019-04-01 19:39:18,895 [Worker-11] INFO  o.e.m.c.i.e.AbstractTransferListenerAdapter - Downloaded https://repo.maven.apache.org/maven2/org/springframework/spring-core/5.0.9.RELEASE/spring-core-5.0.9.RELEASE.jar
2019-04-01 19:39:19,039 [Worker-11] INFO  o.e.m.c.i.e.AbstractTransferListenerAdapter - Downloading https://repo.maven.apache.org/maven2/org/springframework/spring-jcl/5.0.9.RELEASE/spring-jcl-5.0.9.RELEASE.jar
2019-04-01 19:39:19,191 [Worker-11] INFO  o.e.m.c.i.e.AbstractTransferListenerAdapter - Downloaded https://repo.maven.apache.org/maven2/org/springframework/spring-jcl/5.0.9.RELEASE/spring-jcl-5.0.9.RELEASE.jar
2019-04-01 19:39:19,342 [Worker-11] INFO  o.e.m.c.i.e.AbstractTransferListenerAdapter - Downloading https://repo.maven.apache.org/maven2/org/springframework/spring-test/5.0.9.RELEASE/spring-test-5.0.9.RELEASE.jar
2019-04-01 19:39:19,533 [Worker-11] INFO  o.e.m.c.i.e.AbstractTransferListenerAdapter - Downloaded https://repo.maven.apache.org/maven2/org/springframework/spring-test/5.0.9.RELEASE/spring-test-5.0.9.RELEASE.jar
2019-04-01 19:39:24,864 [Worker-11] INFO  o.e.m.c.i.l.LifecycleMappingFactory - Using org.eclipse.m2e.jdt.JarLifecycleMapping lifecycle mapping for MavenProject: br.com.fiap:order-service:0.0.1-SNAPSHOT @ D:\eclipse-worskpaces\microservices\payment-service\pom.xml.
2019-04-01 19:39:26,205 [Worker-11] INFO  o.e.m.c.i.e.AbstractTransferListenerAdapter - Downloading https://repo.maven.apache.org/maven2/org/apache/maven/plugins/maven-resources-plugin/3.0.2/maven-resources-plugin-3.0.2.pom
2019-04-01 19:39:26,346 [Worker-11] INFO  o.e.m.c.i.e.AbstractTransferListenerAdapter - Downloaded https://repo.maven.apache.org/maven2/org/apache/maven/plugins/maven-resources-plugin/3.0.2/maven-resources-plugin-3.0.2.pom
2019-04-01 19:39:26,503 [Worker-11] INFO  o.e.m.c.i.e.AbstractTransferListenerAdapter - Downloading https://repo.maven.apache.org/maven2/org/apache/maven/plugins/maven-jar-plugin/3.0.2/maven-jar-plugin-3.0.2.pom
2019-04-01 19:39:26,639 [Worker-11] INFO  o.e.m.c.i.e.AbstractTransferListenerAdapter - Downloaded https://repo.maven.apache.org/maven2/org/apache/maven/plugins/maven-jar-plugin/3.0.2/maven-jar-plugin-3.0.2.pom
2019-04-01 19:39:27,132 [Worker-11] INFO  o.e.m.c.i.e.AbstractTransferListenerAdapter - Downloading https://repo.maven.apache.org/maven2/org/codehaus/plexus/plexus-interpolation/1.24/plexus-interpolation-1.24.pom
2019-04-01 19:39:27,283 [Worker-11] INFO  o.e.m.c.i.e.AbstractTransferListenerAdapter - Downloaded https://repo.maven.apache.org/maven2/org/codehaus/plexus/plexus-interpolation/1.24/plexus-interpolation-1.24.pom
2019-04-01 19:39:27,447 [Worker-11] INFO  o.e.m.c.i.e.AbstractTransferListenerAdapter - Downloading https://repo.maven.apache.org/maven2/org/apache/maven/shared/maven-shared-utils/3.0.0/maven-shared-utils-3.0.0.jar
2019-04-01 19:39:27,974 [Worker-11] INFO  o.e.m.c.i.e.AbstractTransferListenerAdapter - Downloaded https://repo.maven.apache.org/maven2/org/apache/maven/shared/maven-shared-utils/3.0.0/maven-shared-utils-3.0.0.jar
2019-04-01 19:39:28,106 [Worker-11] INFO  o.e.m.c.i.e.AbstractTransferListenerAdapter - Downloading https://repo.maven.apache.org/maven2/com/google/code/findbugs/jsr305/2.0.1/jsr305-2.0.1.jar
2019-04-01 19:39:28,244 [Worker-11] INFO  o.e.m.c.i.e.AbstractTransferListenerAdapter - Downloaded https://repo.maven.apache.org/maven2/com/google/code/findbugs/jsr305/2.0.1/jsr305-2.0.1.jar
2019-04-01 19:39:28,375 [Worker-11] INFO  o.e.m.c.i.e.AbstractTransferListenerAdapter - Downloading https://repo.maven.apache.org/maven2/org/codehaus/plexus/plexus-interpolation/1.24/plexus-interpolation-1.24.jar
2019-04-01 19:39:28,513 [Worker-11] INFO  o.e.m.c.i.e.AbstractTransferListenerAdapter - Downloaded https://repo.maven.apache.org/maven2/org/codehaus/plexus/plexus-interpolation/1.24/plexus-interpolation-1.24.jar
2019-04-01 19:39:29,031 [Worker-11] INFO  o.e.m.j.i.AbstractJavaProjectConfigurator - Adding source folder /payment-service/src/main/java
2019-04-01 19:39:29,032 [Worker-11] INFO  o.e.m.j.i.AbstractJavaProjectConfigurator - Adding source folder /payment-service/src/test/java
2019-04-01 19:39:29,415 [Worker-11] INFO  o.e.m.c.i.p.ProjectConfigurationManager - Imported and configured 2 project(s) in 29 sec
2019-04-01 19:39:31,771 [Worker-8] INFO  o.e.m.c.i.embedder.EclipseLogger - Using 'UTF-8' encoding to copy filtered resources.
2019-04-01 19:39:31,771 [Worker-8] INFO  o.e.m.c.i.embedder.EclipseLogger - skip non existing resourceDirectory D:\eclipse-worskpaces\microservices\order-service\src\main\resources
2019-04-01 19:39:31,771 [Worker-8] INFO  o.e.m.c.i.embedder.EclipseLogger - skip non existing resourceDirectory D:\eclipse-worskpaces\microservices\order-service\src\main\resources
2019-04-01 19:39:31,774 [Worker-8] INFO  o.e.m.c.i.embedder.EclipseLogger - Using 'UTF-8' encoding to copy filtered resources.
2019-04-01 19:39:31,774 [Worker-8] INFO  o.e.m.c.i.embedder.EclipseLogger - skip non existing resourceDirectory D:\eclipse-worskpaces\microservices\order-service\src\test\resources
2019-04-01 19:39:32,454 [Worker-8] INFO  o.e.m.c.i.e.AbstractTransferListenerAdapter - Downloading https://repo.maven.apache.org/maven2/org/apache/maven/plugins/maven-surefire-plugin/2.21.0/maven-surefire-plugin-2.21.0.pom
2019-04-01 19:39:32,612 [Worker-8] INFO  o.e.m.c.i.e.AbstractTransferListenerAdapter - Downloaded https://repo.maven.apache.org/maven2/org/apache/maven/plugins/maven-surefire-plugin/2.21.0/maven-surefire-plugin-2.21.0.pom
2019-04-01 19:39:32,773 [Worker-8] INFO  o.e.m.c.i.e.AbstractTransferListenerAdapter - Downloading https://repo.maven.apache.org/maven2/org/apache/maven/surefire/surefire/2.21.0/surefire-2.21.0.pom
2019-04-01 19:39:33,100 [Worker-8] INFO  o.e.m.c.i.e.AbstractTransferListenerAdapter - Downloaded https://repo.maven.apache.org/maven2/org/apache/maven/surefire/surefire/2.21.0/surefire-2.21.0.pom
2019-04-01 19:39:34,028 [Worker-8] INFO  o.e.m.c.i.embedder.EclipseLogger - Using 'UTF-8' encoding to copy filtered resources.
2019-04-01 19:39:34,028 [Worker-8] INFO  o.e.m.c.i.embedder.EclipseLogger - skip non existing resourceDirectory D:\eclipse-worskpaces\microservices\payment-service\src\main\resources
2019-04-01 19:39:34,028 [Worker-8] INFO  o.e.m.c.i.embedder.EclipseLogger - skip non existing resourceDirectory D:\eclipse-worskpaces\microservices\payment-service\src\main\resources
2019-04-01 19:39:34,029 [Worker-8] INFO  o.e.m.c.i.embedder.EclipseLogger - Using 'UTF-8' encoding to copy filtered resources.
2019-04-01 19:39:34,029 [Worker-8] INFO  o.e.m.c.i.embedder.EclipseLogger - skip non existing resourceDirectory D:\eclipse-worskpaces\microservices\payment-service\src\test\resources
2019-04-01 19:40:17,276 [Worker-6] INFO  o.e.m.c.i.p.ProjectConfigurationManager - Update started
2019-04-01 19:40:17,856 [Worker-6] INFO  o.e.m.c.i.l.LifecycleMappingFactory - Using org.eclipse.m2e.jdt.JarLifecycleMapping lifecycle mapping for MavenProject: br.com.fiap:order-service:0.0.1-SNAPSHOT @ D:\eclipse-worskpaces\microservices\order-service\pom.xml.
2019-04-01 19:40:18,620 [Worker-6] INFO  o.e.m.c.i.l.LifecycleMappingFactory - Using org.eclipse.m2e.jdt.JarLifecycleMapping lifecycle mapping for MavenProject: br.com.fiap:order-service:0.0.1-SNAPSHOT @ D:\eclipse-worskpaces\microservices\payment-service\pom.xml.
2019-04-01 19:40:18,939 [Worker-6] INFO  o.e.m.j.i.AbstractJavaProjectConfigurator - Adding source folder /order-service/src/main/java
2019-04-01 19:40:18,940 [Worker-6] INFO  o.e.m.j.i.AbstractJavaProjectConfigurator - Adding source folder /order-service/src/test/java
2019-04-01 19:40:19,509 [Worker-6] INFO  o.e.m.c.i.p.ProjectConfigurationManager - Update completed: 2 sec
2019-04-01 19:40:20,085 [Worker-6] INFO  o.e.m.c.i.embedder.EclipseLogger - Using 'UTF-8' encoding to copy filtered resources.
2019-04-01 19:40:20,085 [Worker-6] INFO  o.e.m.c.i.embedder.EclipseLogger - skip non existing resourceDirectory D:\eclipse-worskpaces\microservices\order-service\src\main\resources
2019-04-01 19:40:20,085 [Worker-6] INFO  o.e.m.c.i.embedder.EclipseLogger - skip non existing resourceDirectory D:\eclipse-worskpaces\microservices\order-service\src\main\resources
2019-04-01 19:40:20,087 [Worker-6] INFO  o.e.m.c.i.embedder.EclipseLogger - Using 'UTF-8' encoding to copy filtered resources.
2019-04-01 19:40:20,087 [Worker-6] INFO  o.e.m.c.i.embedder.EclipseLogger - skip non existing resourceDirectory D:\eclipse-worskpaces\microservices\order-service\src\test\resources
2019-04-01 19:40:20,540 [Worker-6] INFO  o.e.m.c.i.embedder.EclipseLogger - Using 'UTF-8' encoding to copy filtered resources.
2019-04-01 19:40:20,541 [Worker-6] INFO  o.e.m.c.i.embedder.EclipseLogger - skip non existing resourceDirectory D:\eclipse-worskpaces\microservices\payment-service\src\main\resources
2019-04-01 19:40:20,541 [Worker-6] INFO  o.e.m.c.i.embedder.EclipseLogger - skip non existing resourceDirectory D:\eclipse-worskpaces\microservices\payment-service\src\main\resources
2019-04-01 19:40:20,542 [Worker-6] INFO  o.e.m.c.i.embedder.EclipseLogger - Using 'UTF-8' encoding to copy filtered resources.
2019-04-01 19:40:20,542 [Worker-6] INFO  o.e.m.c.i.embedder.EclipseLogger - skip non existing resourceDirectory D:\eclipse-worskpaces\microservices\payment-service\src\test\resources
